<?xml version="1.0" encoding="UTF-8"?>
<!-- Generated by org.testng.reporters.JUnitReportReporter -->
<testsuite hostname="IN-NOI-LAKSHT1" failures="0" tests="1" name="testcases.HomeLoanTest" time="0.004" errors="0" timestamp="2023-12-17T07:05:39 IST" skipped="0">
  <testcase classname="testcases.HomeLoanTest" name="test1" time="0.004"/>
</testsuite> <!-- testcases.HomeLoanTest -->
