<?xml version="1.0" encoding="UTF-8"?>
<!-- Generated by org.testng.reporters.JUnitReportReporter -->
<testsuite hostname="IN-NOI-LAKSHT1" failures="0" tests="1" name="testcases.CreditCardTest" time="0.000" errors="0" timestamp="2023-12-17T07:05:39 IST" skipped="0">
  <testcase classname="testcases.CreditCardTest" name="test4" time="0.000"/>
</testsuite> <!-- testcases.CreditCardTest -->
