<?xml version="1.0" encoding="UTF-8"?>
<!-- Generated by org.testng.reporters.JUnitReportReporter -->
<testsuite hostname="IN-NOI-LAKSHT1" failures="0" tests="1" name="testcases.CarLoanTest" time="0.001" errors="0" timestamp="2023-12-17T07:03:28 IST" skipped="0">
  <testcase classname="testcases.CarLoanTest" name="test3" time="0.001"/>
</testsuite> <!-- testcases.CarLoanTest -->
